<?xml version="1.0" encoding="UTF-8"?>
<testng-results ignored="0" total="1" passed="1" failed="0" skipped="0">
  <reporter-output>
  </reporter-output>
  <suite started-at="2025-03-29T09:14:40 IST" name="Default suite" finished-at="2025-03-29T09:14:40 IST" duration-ms="58">
    <groups>
    </groups>
    <test started-at="2025-03-29T09:14:40 IST" name="Default test" finished-at="2025-03-29T09:14:40 IST" duration-ms="58">
      <class name="sample.Sample2">
        <test-method signature="demo2()[pri:0, instance:sample.Sample2@273e7444]" started-at="2025-03-29T09:14:40 IST" name="demo2" finished-at="2025-03-29T09:14:40 IST" duration-ms="9" status="PASS">
          <reporter-output>
          </reporter-output>
        </test-method> <!-- demo2 -->
      </class> <!-- sample.Sample2 -->
    </test> <!-- Default test -->
  </suite> <!-- Default suite -->
</testng-results>
